#
# There is insufficient memory for the Java Runtime Environment to continue.
# Native memory allocation (malloc) failed to allocate 255536 bytes for Chunk::new
# Possible reasons:
#   The system is out of physical RAM or swap space
#   The process is running with CompressedOops enabled, and the Java Heap may be blocking the growth of the native heap
# Possible solutions:
#   Reduce memory load on the system
#   Increase physical memory or swap space
#   Check if swap backing store is full
#   Decrease Java heap size (-Xmx/-Xms)
#   Decrease number of Java threads
#   Decrease Java thread stack sizes (-Xss)
#   Set larger code cache with -XX:ReservedCodeCacheSize=
#   JVM is running with Unscaled Compressed Oops mode in which the Java heap is
#     placed in the first 4GB address space. The Java Heap base address is the
#     maximum limit for the native heap growth. Please use -XX:HeapBaseMinAddress
#     to set the Java Heap base and to place the Java Heap above 4GB virtual address.
# This output file may be truncated or incomplete.
#
#  Out of Memory Error (t:/workspace/open/src/hotspot/share/memory/arena.cpp:196), pid=2236, tid=540
#
# JRE version: Java(TM) SE Runtime Environment (13.0.1+9) (build 13.0.1+9)
# Java VM: Java HotSpot(TM) 64-Bit Server VM (13.0.1+9, mixed mode, sharing, tiered, compressed oops, parallel gc, windows-amd64)
# No core dump will be written. Minidumps are not enabled by default on client versions of Windows
#

---------------  S U M M A R Y ------------

Command Line: --add-modules=ALL-SYSTEM --add-opens=java.base/java.util=ALL-UNNAMED --add-opens=java.base/java.lang=ALL-UNNAMED -Declipse.application=org.eclipse.jdt.ls.core.id1 -Dosgi.bundles.defaultStartLevel=4 -Declipse.product=org.eclipse.jdt.ls.core.product -Dfile.encoding=utf8 -DwatchParentProcess=false -XX:+UseParallelGC -XX:GCTimeRatio=4 -XX:AdaptiveSizePolicyWeight=90 -Dsun.zip.disableMemoryMapping=true -Xmx1G -Xms100m c:\Users\xogud\.vscode\extensions\redhat.java-0.64.1\server\plugins\org.eclipse.equinox.launcher_1.5.700.v20200207-2156.jar -configuration c:\Users\xogud\AppData\Roaming\Code\User\globalStorage\redhat.java\0.64.1\config_ss_win -data c:\Users\xogud\AppData\Roaming\Code\User\workspaceStorage\cba880587c1191ca5166a8bfc64ed5a2\redhat.java\ss_ws

Host: Intel(R) Core(TM) i5-8250U CPU @ 1.60GHz, 8 cores, 7G,  Windows 10 , 64 bit Build 18362 (10.0.18362.959)
Time: Tue Jul 21 12:56:45 2020 ¢¥eCN©öI¡¾©ö C¡ÍA¨ª¨öA elapsed time: 2 seconds (0d 0h 0m 2s)

---------------  T H R E A D  ---------------

Current thread (0x00000190ff98b000):  JavaThread "C2 CompilerThread0" daemon [_thread_in_native, id=540, stack(0x00000016d1f00000,0x00000016d2000000)]


Current CompileTask:
C2:   2915  919       4       java.io.DataInputStream::readUTF (501 bytes)

Stack: [0x00000016d1f00000,0x00000016d2000000]
Native frames: (J=compiled Java code, j=interpreted, Vv=VM code, C=native code)
V  [jvm.dll+0x626eca]
V  [jvm.dll+0x772c6a]
V  [jvm.dll+0x77441f]
V  [jvm.dll+0x774a23]
V  [jvm.dll+0x24da58]
V  [jvm.dll+0xc3ae7]
V  [jvm.dll+0xc406c]
V  [jvm.dll+0x2bfa84]
V  [jvm.dll+0x545e6d]
V  [jvm.dll+0x20fd2a]
V  [jvm.dll+0x209740]
V  [jvm.dll+0x2069bd]
V  [jvm.dll+0x18b94c]
V  [jvm.dll+0x2159bd]
V  [jvm.dll+0x213e6b]
V  [jvm.dll+0x738b16]
V  [jvm.dll+0x731c0a]
V  [jvm.dll+0x6260c6]
C  [ucrtbase.dll+0x20e82]
C  [KERNEL32.DLL+0x17bd4]
C  [ntdll.dll+0x6ce51]


---------------  P R O C E S S  ---------------

Threads class SMR info:
_java_thread_list=0x0000019097fd0530, length=11, elements={
0x00000190f9b7c000, 0x00000190f9cea800, 0x00000190f9cec800, 0x00000190ff985000,
0x00000190ff988000, 0x00000190ff98b000, 0x00000190ff990000, 0x00000190fe72f000,
0x00000190ffa89000, 0x00000190ffbd6000, 0x0000019097dbf800
}

Java Threads: ( => current thread )
  0x00000190f9b7c000 JavaThread "main" [_thread_in_Java, id=13608, stack(0x00000016d1800000,0x00000016d1900000)]
  0x00000190f9cea800 JavaThread "Reference Handler" daemon [_thread_blocked, id=19408, stack(0x00000016d1b00000,0x00000016d1c00000)]
  0x00000190f9cec800 JavaThread "Finalizer" daemon [_thread_blocked, id=1752, stack(0x00000016d1c00000,0x00000016d1d00000)]
  0x00000190ff985000 JavaThread "Signal Dispatcher" daemon [_thread_blocked, id=752, stack(0x00000016d1d00000,0x00000016d1e00000)]
  0x00000190ff988000 JavaThread "Attach Listener" daemon [_thread_blocked, id=17528, stack(0x00000016d1e00000,0x00000016d1f00000)]
=>0x00000190ff98b000 JavaThread "C2 CompilerThread0" daemon [_thread_in_native, id=540, stack(0x00000016d1f00000,0x00000016d2000000)]
  0x00000190ff990000 JavaThread "C1 CompilerThread0" daemon [_thread_in_native, id=5936, stack(0x00000016d2000000,0x00000016d2100000)]
  0x00000190fe72f000 JavaThread "Sweeper thread" daemon [_thread_blocked, id=13836, stack(0x00000016d2100000,0x00000016d2200000)]
  0x00000190ffa89000 JavaThread "Common-Cleaner" daemon [_thread_blocked, id=16172, stack(0x00000016d2200000,0x00000016d2300000)]
  0x00000190ffbd6000 JavaThread "Service Thread" daemon [_thread_blocked, id=10652, stack(0x00000016d2400000,0x00000016d2500000)]
  0x0000019097dbf800 JavaThread "C2 CompilerThread1" daemon [_thread_blocked, id=19892, stack(0x00000016d2300000,0x00000016d2400000)]

Other Threads:
  0x00000190ff981000 VMThread "VM Thread" [stack: 0x00000016d1a00000,0x00000016d1b00000] [id=14760]
  0x00000190ffc17000 WatcherThread [stack: 0x00000016d2500000,0x00000016d2600000] [id=11276]
  0x00000190f9c47000 GCTaskThread "ParGC Thread#0" [stack: 0x00000016d1900000,0x00000016d1a00000] [id=8560]

Threads with active compile tasks:
C2 CompilerThread0     2966  919       4       java.io.DataInputStream::readUTF (501 bytes)

VM state:not at safepoint (normal execution)

VM Mutex/Monitor currently owned by a thread: None

Heap address: 0x00000000c0000000, size: 1024 MB, Compressed Oops mode: 32-bit
Narrow klass base: 0x0000000800000000, Narrow klass shift: 3
Compressed class space size: 1073741824 Address: 0x0000000800b40000

Heap:
 PSYoungGen      total 29696K, used 17677K [0x00000000eab00000, 0x00000000ecc00000, 0x0000000100000000)
  eden space 25600K, 69% used [0x00000000eab00000,0x00000000ebc436b8,0x00000000ec400000)
  from space 4096K, 0% used [0x00000000ec800000,0x00000000ec800000,0x00000000ecc00000)
  to   space 4096K, 0% used [0x00000000ec400000,0x00000000ec400000,0x00000000ec800000)
 ParOldGen       total 68608K, used 0K [0x00000000c0000000, 0x00000000c4300000, 0x00000000eab00000)
  object space 68608K, 0% used [0x00000000c0000000,0x00000000c0000000,0x00000000c4300000)
 Metaspace       used 5347K, capacity 6271K, committed 6528K, reserved 1058816K
  class space    used 509K, capacity 584K, committed 640K, reserved 1048576K

Card table byte_map: [0x00000190fb7b0000,0x00000190fb9c0000] _byte_map_base: 0x00000190fb1b0000

Marking Bits: (ParMarkBitMap*) 0x00007ffe9a37bb10
 Begin Bits: [0x00000190fbb20000, 0x00000190fcb20000)
 End Bits:   [0x00000190fcb20000, 0x00000190fdb20000)

Polling page: 0x00000190f9d00000

Metaspace:

Usage:
  Non-class:      5.55 MB capacity,     4.73 MB ( 85%) used,   840.09 KB ( 15%) free+waste,     8.19 KB ( <1%) overhead. 
      Class:    584.00 KB capacity,   509.91 KB ( 87%) used,    69.72 KB ( 12%) free+waste,     4.38 KB ( <1%) overhead. 
       Both:      6.12 MB capacity,     5.22 MB ( 85%) used,   909.80 KB ( 15%) free+waste,    12.56 KB ( <1%) overhead. 

Virtual space:
  Non-class space:       10.00 MB reserved,       5.75 MB ( 58%) committed 
      Class space:        1.00 GB reserved,     640.00 KB ( <1%) committed 
             Both:        1.01 GB reserved,       6.38 MB ( <1%) committed 

Chunk freelists:
   Non-Class:  9.00 KB
       Class:  24.00 KB
        Both:  33.00 KB

MaxMetaspaceSize: 17179869184.00 GB
CompressedClassSpaceSize: 1.00 GB

CodeHeap 'non-profiled nmethods': size=120000Kb used=319Kb max_used=319Kb free=119681Kb
 bounds [0x000001908ff00000, 0x0000019090170000, 0x0000019097430000]
CodeHeap 'profiled nmethods': size=120000Kb used=1666Kb max_used=1666Kb free=118334Kb
 bounds [0x00000190889d0000, 0x0000019088c40000, 0x000001908ff00000]
CodeHeap 'non-nmethods': size=5760Kb used=1155Kb max_used=1171Kb free=4604Kb
 bounds [0x0000019088430000, 0x00000190886a0000, 0x00000190889d0000]
 total_blobs=1853 nmethods=948 adapters=316
 compilation: enabled
              stopped_count=0, restarted_count=0
 full_count=0

Compilation events (20 events):
Event: 2.900 Thread 0x00000190ff990000 nmethod 929 0x0000019088b60a10 code [0x0000019088b60bc0, 0x0000019088b60ed0]
Event: 2.900 Thread 0x00000190ff990000  931       3       java.util.Collections::unmodifiableMap (9 bytes)
Event: 2.900 Thread 0x00000190ff990000 nmethod 931 0x0000019088b61010 code [0x0000019088b611e0, 0x0000019088b61570]
Event: 2.900 Thread 0x00000190ff990000  924       3       java.util.Collections$UnmodifiableCollection::<init> (22 bytes)
Event: 2.900 Thread 0x00000190ff990000 nmethod 924 0x0000019088b61690 code [0x0000019088b61840, 0x0000019088b61b50]
Event: 2.900 Thread 0x00000190ff990000  936       3       org.eclipse.osgi.container.ModuleDatabase$Persistence::readList (78 bytes)
Event: 2.903 Thread 0x00000190ff990000 nmethod 936 0x0000019088b61c90 code [0x0000019088b61f60, 0x0000019088b62eb0]
Event: 2.903 Thread 0x00000190ff990000  934       3       org.eclipse.osgi.container.ModuleDatabase$Persistence::readListValue (105 bytes)
Event: 2.904 Thread 0x0000019097dbf800  923       4       java.util.HashMap::put (13 bytes)
Event: 2.904 Thread 0x00000190ff990000 nmethod 934 0x0000019088b63510 code [0x0000019088b637e0, 0x0000019088b64520]
Event: 2.904 Thread 0x00000190ff990000  933       3       java.util.ArrayList::<init> (61 bytes)
Event: 2.906 Thread 0x00000190ff990000 nmethod 933 0x0000019088b64a10 code [0x0000019088b64c80, 0x0000019088b657e0]
Event: 2.906 Thread 0x00000190ff990000  937       3       org.eclipse.osgi.container.ModuleRevisionBuilder::unmodifiableMap (86 bytes)
Event: 2.907 Thread 0x00000190ff990000 nmethod 937 0x0000019088b65b90 code [0x0000019088b65e20, 0x0000019088b66c30]
Event: 2.907 Thread 0x00000190ff990000  938       3       java.util.Collections::emptyMap (4 bytes)
Event: 2.907 Thread 0x00000190ff990000 nmethod 938 0x0000019088b66f90 code [0x0000019088b67120, 0x0000019088b67278]
Event: 2.907 Thread 0x00000190ff990000  939       1       java.util.Collections$EmptyMap::size (2 bytes)
Event: 2.907 Thread 0x00000190ff990000 nmethod 939 0x000001908ff4b910 code [0x000001908ff4baa0, 0x000001908ff4bbd8]
Event: 2.907 Thread 0x00000190ff990000  940       3       jdk.internal.loader.BuiltinClassLoader::loadClass (22 bytes)
Event: 2.907 Thread 0x00000190ff990000 nmethod 940 0x0000019088b67310 code [0x0000019088b674e0, 0x0000019088b67820]

GC Heap History (0 events):
No events

Deoptimization events (20 events):
Event: 0.971 Thread 0x00000190f9b7c000 Uncommon trap: trap_request=0xffffffde fr.pc=0x000001908ff0ee9c relative=0x000000000000069c
Event: 0.971 Thread 0x00000190f9b7c000 Uncommon trap: reason=class_check action=maybe_recompile pc=0x000001908ff0ee9c method=java.util.HashMap.putVal(ILjava/lang/Object;Ljava/lang/Object;ZZ)Ljava/lang/Object; @ 253 c2
Event: 0.971 Thread 0x00000190f9b7c000 DEOPT PACKING pc=0x000001908ff0ee9c sp=0x00000016d18fd660
Event: 0.971 Thread 0x00000190f9b7c000 DEOPT UNPACKING pc=0x000001908847912f sp=0x00000016d18fd5d0 mode 2
Event: 0.971 Thread 0x00000190f9b7c000 Uncommon trap: trap_request=0xffffffde fr.pc=0x000001908ff0ee9c relative=0x000000000000069c
Event: 0.971 Thread 0x00000190f9b7c000 Uncommon trap: reason=class_check action=maybe_recompile pc=0x000001908ff0ee9c method=java.util.HashMap.putVal(ILjava/lang/Object;Ljava/lang/Object;ZZ)Ljava/lang/Object; @ 253 c2
Event: 0.971 Thread 0x00000190f9b7c000 DEOPT PACKING pc=0x000001908ff0ee9c sp=0x00000016d18fd660
Event: 0.971 Thread 0x00000190f9b7c000 DEOPT UNPACKING pc=0x000001908847912f sp=0x00000016d18fd5d0 mode 2
Event: 0.971 Thread 0x00000190f9b7c000 Uncommon trap: trap_request=0xffffffde fr.pc=0x000001908ff0ee9c relative=0x000000000000069c
Event: 0.971 Thread 0x00000190f9b7c000 Uncommon trap: reason=class_check action=maybe_recompile pc=0x000001908ff0ee9c method=java.util.HashMap.putVal(ILjava/lang/Object;Ljava/lang/Object;ZZ)Ljava/lang/Object; @ 253 c2
Event: 0.971 Thread 0x00000190f9b7c000 DEOPT PACKING pc=0x000001908ff0ee9c sp=0x00000016d18fd660
Event: 0.971 Thread 0x00000190f9b7c000 DEOPT UNPACKING pc=0x000001908847912f sp=0x00000016d18fd5d0 mode 2
Event: 2.565 Thread 0x00000190f9b7c000 Uncommon trap: trap_request=0xffffff3d fr.pc=0x000001908ff11878 relative=0x0000000000000518
Event: 2.565 Thread 0x00000190f9b7c000 Uncommon trap: reason=unstable_fused_if action=reinterpret pc=0x000001908ff11878 method=java.util.HashMap.resize()[Ljava/util/HashMap$Node; @ 31 c2
Event: 2.565 Thread 0x00000190f9b7c000 DEOPT PACKING pc=0x000001908ff11878 sp=0x00000016d18fe440
Event: 2.565 Thread 0x00000190f9b7c000 DEOPT UNPACKING pc=0x000001908847912f sp=0x00000016d18fe398 mode 2
Event: 2.630 Thread 0x00000190f9b7c000 Uncommon trap: trap_request=0xffffff45 fr.pc=0x000001908ff2a478 relative=0x0000000000000258
Event: 2.630 Thread 0x00000190f9b7c000 Uncommon trap: reason=unstable_if action=reinterpret pc=0x000001908ff2a478 method=java.util.HashMap.hash(Ljava/lang/Object;)I @ 1 c2
Event: 2.630 Thread 0x00000190f9b7c000 DEOPT PACKING pc=0x000001908ff2a478 sp=0x00000016d18fe420
Event: 2.630 Thread 0x00000190f9b7c000 DEOPT UNPACKING pc=0x000001908847912f sp=0x00000016d18fe358 mode 2

Classes unloaded (0 events):
No events

Classes redefined (0 events):
No events

Internal exceptions (18 events):
Event: 0.623 Thread 0x00000190f9b7c000 Exception <a 'java/lang/ClassNotFoundException'{0x00000000eaeecd50}: sun/net/www/protocol/c/Handler> (0x00000000eaeecd50) 
thrown [t:/workspace/open/src/hotspot/share/classfile/systemDictionary.cpp, line 232]
Event: 0.633 Thread 0x00000190f9b7c000 Exception <a 'java/io/FileNotFoundException'{0x00000000eaefb648}> (0x00000000eaefb648) 
thrown [t:/workspace/open/src/hotspot/share/prims/jni.cpp, line 598]
Event: 0.636 Thread 0x00000190f9b7c000 Exception <a 'java/io/FileNotFoundException'{0x00000000eaefc5f0}> (0x00000000eaefc5f0) 
thrown [t:/workspace/open/src/hotspot/share/prims/jni.cpp, line 598]
Event: 0.638 Thread 0x00000190f9b7c000 Exception <a 'java/io/FileNotFoundException'{0x00000000eaefd560}> (0x00000000eaefd560) 
thrown [t:/workspace/open/src/hotspot/share/prims/jni.cpp, line 598]
Event: 0.638 Thread 0x00000190f9b7c000 Exception <a 'java/io/FileNotFoundException'{0x00000000eaefe4e8}> (0x00000000eaefe4e8) 
thrown [t:/workspace/open/src/hotspot/share/prims/jni.cpp, line 598]
Event: 0.650 Thread 0x00000190f9b7c000 Exception <a 'java/io/FileNotFoundException'{0x00000000eaf1ca38}> (0x00000000eaf1ca38) 
thrown [t:/workspace/open/src/hotspot/share/prims/jni.cpp, line 598]
Event: 0.976 Thread 0x00000190f9b7c000 Exception <a 'java/lang/NoSuchMethodError'{0x00000000eb663628}: 'java.lang.Object java.lang.invoke.DirectMethodHandle$Holder.invokeStaticInit(java.lang.Object, int, int, int, int)'> (0x00000000eb663628) 
thrown [t:/workspace/open/src/hotspot/share/interpreter/linkResolver.cpp, line 767]
Event: 2.500 Thread 0x00000190f9b7c000 Exception <a 'java/lang/NoSuchMethodError'{0x00000000eb7163c0}: 'java.lang.Object java.lang.invoke.DirectMethodHandle$Holder.invokeStaticInit(java.lang.Object, java.lang.Object, int, int, int, int)'> (0x00000000eb7163c0) 
thrown [t:/workspace/open/src/hotspot/share/interpreter/linkResolver.cpp, line 767]
Event: 2.544 Thread 0x00000190f9b7c000 Exception <a 'java/lang/ClassNotFoundException'{0x00000000eb7386b0}: sun/net/www/protocol/c/Handler> (0x00000000eb7386b0) 
thrown [t:/workspace/open/src/hotspot/share/classfile/systemDictionary.cpp, line 232]
Event: 2.545 Thread 0x00000190f9b7c000 Exception <a 'java/lang/ClassNotFoundException'{0x00000000eb739a40}: sun/net/www/protocol/c/Handler> (0x00000000eb739a40) 
thrown [t:/workspace/open/src/hotspot/share/classfile/systemDictionary.cpp, line 232]
Event: 2.545 Thread 0x00000190f9b7c000 Exception <a 'java/lang/ClassNotFoundException'{0x00000000eb73ac08}: sun/net/www/protocol/c/Handler> (0x00000000eb73ac08) 
thrown [t:/workspace/open/src/hotspot/share/classfile/systemDictionary.cpp, line 232]
Event: 2.567 Thread 0x00000190f9b7c000 Exception <a 'java/io/FileNotFoundException'{0x00000000eb751c10}> (0x00000000eb751c10) 
thrown [t:/workspace/open/src/hotspot/share/prims/jni.cpp, line 598]
Event: 2.630 Thread 0x00000190f9b7c000 Implicit null exception at 0x000001908ff2a265 to 0x000001908ff2a466
Event: 2.723 Thread 0x00000190f9b7c000 Exception <a 'java/lang/NoSuchMethodError'{0x00000000eb91b060}: 'int java.lang.invoke.DirectMethodHandle$Holder.invokeStaticInit(java.lang.Object, java.lang.Object, java.lang.Object, java.lang.Object)'> (0x00000000eb91b060) 
thrown [t:/workspace/open/src/hotspot/share/interpreter/linkResolver.cpp, line 767]
Event: 2.727 Thread 0x00000190f9b7c000 Exception <a 'java/lang/IncompatibleClassChangeError'{0x00000000eb9245e0}: Found class java.lang.Object, but interface was expected> (0x00000000eb9245e0) 
thrown [t:/workspace/open/src/hotspot/share/interpreter/linkResolver.cpp, line 833]
Event: 2.728 Thread 0x00000190f9b7c000 Exception <a 'java/lang/NoSuchMethodError'{0x00000000eb927410}: 'void java.lang.invoke.DirectMethodHandle$Holder.invokeStaticInit(java.lang.Object, java.lang.Object)'> (0x00000000eb927410) 
thrown [t:/workspace/open/src/hotspot/share/interpreter/linkResolver.cpp, line 767]
Event: 2.731 Thread 0x00000190f9b7c000 Exception <a 'java/lang/NoSuchMethodError'{0x00000000eb92c2b0}: 'int java.lang.invoke.DirectMethodHandle$Holder.invokeStaticInit(java.lang.Object, java.lang.Object)'> (0x00000000eb92c2b0) 
thrown [t:/workspace/open/src/hotspot/share/interpreter/linkResolver.cpp, line 767]
Event: 2.865 Thread 0x00000190f9b7c000 Exception <a 'java/lang/NoSuchMethodError'{0x00000000ebad36f0}: 'int java.lang.invoke.DirectMethodHandle$Holder.invokeSpecialIFC(java.lang.Object, java.lang.Object, int)'> (0x00000000ebad36f0) 
thrown [t:/workspace/open/src/hotspot/share/interpreter/linkResolver.cpp, line 767]

Events (20 events):
Event: 2.880 loading class java/util/concurrent/Semaphore$NonfairSync done
Event: 2.880 loading class org/eclipse/osgi/container/ModuleResolver
Event: 2.880 loading class org/eclipse/osgi/container/ModuleResolver done
Event: 2.882 loading class org/eclipse/osgi/container/ModuleContainer$ContainerWiring
Event: 2.882 loading class org/eclipse/osgi/container/ModuleContainer$ContainerWiring done
Event: 2.884 loading class org/eclipse/osgi/container/ModuleContainer$ContainerStartLevel
Event: 2.884 loading class org/eclipse/osgi/container/ModuleContainer$ContainerStartLevel done
Event: 2.887 loading class org/eclipse/osgi/container/ModuleDatabase$Persistence
Event: 2.887 loading class org/eclipse/osgi/container/ModuleDatabase$Persistence done
Event: 2.889 loading class org/osgi/resource/Wire
Event: 2.889 loading class org/osgi/resource/Wire done
Event: 2.899 Thread 0x0000019097dbf800 Thread added: 0x0000019097dbf800
Event: 2.901 loading class org/eclipse/osgi/container/ModuleRevisionBuilder
Event: 2.901 loading class org/eclipse/osgi/container/ModuleRevisionBuilder done
Event: 2.903 loading class org/eclipse/osgi/container/ModuleRevisionBuilder$GenericInfo
Event: 2.903 loading class org/eclipse/osgi/container/ModuleRevisionBuilder$GenericInfo done
Event: 2.905 loading class org/eclipse/osgi/internal/framework/EquinoxBundle$SystemBundle
Event: 2.905 loading class org/eclipse/osgi/internal/framework/EquinoxBundle$SystemBundle done
Event: 2.907 loading class org/eclipse/osgi/internal/framework/EquinoxBundle
Event: 2.907 loading class org/eclipse/osgi/internal/framework/EquinoxBundle done


Dynamic libraries:
0x00007ff652450000 - 0x00007ff65245f000 	C:\Program Files\Java\jdk-13.0.1\bin\java.exe
0x00007ffeeb8e0000 - 0x00007ffeebad0000 	C:\WINDOWS\SYSTEM32\ntdll.dll
0x00007ffee9a70000 - 0x00007ffee9b22000 	C:\WINDOWS\System32\KERNEL32.DLL
0x00007ffee9590000 - 0x00007ffee9834000 	C:\WINDOWS\System32\KERNELBASE.dll
0x00007ffee9840000 - 0x00007ffee993a000 	C:\WINDOWS\System32\ucrtbase.dll
0x00007ffed6e00000 - 0x00007ffed6e18000 	C:\Program Files\Java\jdk-13.0.1\bin\jli.dll
0x00007ffeeb7f0000 - 0x00007ffeeb893000 	C:\WINDOWS\System32\ADVAPI32.dll
0x00007ffee9f10000 - 0x00007ffee9fae000 	C:\WINDOWS\System32\msvcrt.dll
0x00007ffee9e70000 - 0x00007ffee9f07000 	C:\WINDOWS\System32\sechost.dll
0x00007ffeea980000 - 0x00007ffeeaaa0000 	C:\WINDOWS\System32\RPCRT4.dll
0x00007ffeeaf30000 - 0x00007ffeeb0c4000 	C:\WINDOWS\System32\USER32.dll
0x00007ffee8860000 - 0x00007ffee8881000 	C:\WINDOWS\System32\win32u.dll
0x00007ffeeab50000 - 0x00007ffeeab76000 	C:\WINDOWS\System32\GDI32.dll
0x00007ffee8890000 - 0x00007ffee8a26000 	C:\WINDOWS\System32\gdi32full.dll
0x00007ffee9380000 - 0x00007ffee941e000 	C:\WINDOWS\System32\msvcp_win.dll
0x00007ffed6bd0000 - 0x00007ffed6be5000 	C:\Program Files\Java\jdk-13.0.1\bin\VCRUNTIME140.dll
0x00007ffec0fd0000 - 0x00007ffec1254000 	C:\WINDOWS\WinSxS\amd64_microsoft.windows.common-controls_6595b64144ccf1df_6.0.18362.959_none_e6c7bbbf130c62bb\COMCTL32.dll
0x00007ffee9b30000 - 0x00007ffee9e65000 	C:\WINDOWS\System32\combase.dll
0x00007ffee8a90000 - 0x00007ffee8b10000 	C:\WINDOWS\System32\bcryptPrimitives.dll
0x00007ffede6c0000 - 0x00007ffede6ca000 	C:\WINDOWS\SYSTEM32\VERSION.dll
0x00007ffeead30000 - 0x00007ffeead5e000 	C:\WINDOWS\System32\IMM32.DLL
0x00007ffed6b30000 - 0x00007ffed6bcb000 	C:\Program Files\Java\jdk-13.0.1\bin\msvcp140.dll
0x00007ffe998e0000 - 0x00007ffe9a446000 	C:\Program Files\Java\jdk-13.0.1\bin\server\jvm.dll
0x00007ffeeb0d0000 - 0x00007ffeeb0d8000 	C:\WINDOWS\System32\PSAPI.DLL
0x00007ffed7a00000 - 0x00007ffed7a09000 	C:\WINDOWS\SYSTEM32\WSOCK32.dll
0x00007ffeead60000 - 0x00007ffeeadcf000 	C:\WINDOWS\System32\WS2_32.dll
0x00007ffee5d90000 - 0x00007ffee5db4000 	C:\WINDOWS\SYSTEM32\WINMM.dll
0x00007ffee5d60000 - 0x00007ffee5d8d000 	C:\WINDOWS\SYSTEM32\WINMMBASE.dll
0x00007ffee9940000 - 0x00007ffee998a000 	C:\WINDOWS\System32\cfgmgr32.dll
0x00007ffee87a0000 - 0x00007ffee87b1000 	C:\WINDOWS\System32\kernel.appcore.dll
0x00007ffed9050000 - 0x00007ffed9060000 	C:\Program Files\Java\jdk-13.0.1\bin\verify.dll
0x00007ffee7070000 - 0x00007ffee7264000 	C:\WINDOWS\SYSTEM32\DBGHELP.DLL
0x00007ffed4b80000 - 0x00007ffed4baa000 	C:\WINDOWS\SYSTEM32\dbgcore.DLL
0x00007ffed69f0000 - 0x00007ffed6a16000 	C:\Program Files\Java\jdk-13.0.1\bin\java.dll
0x00007ffed6a90000 - 0x00007ffed6aa7000 	C:\Program Files\Java\jdk-13.0.1\bin\zip.dll
0x00007ffed8780000 - 0x00007ffed878a000 	C:\Program Files\Java\jdk-13.0.1\bin\jimage.dll
0x00007ffeeb0f0000 - 0x00007ffeeb7d6000 	C:\WINDOWS\System32\SHELL32.dll
0x00007ffeea6c0000 - 0x00007ffeea769000 	C:\WINDOWS\System32\shcore.dll
0x00007ffee8bf0000 - 0x00007ffee9372000 	C:\WINDOWS\System32\windows.storage.dll
0x00007ffee87c0000 - 0x00007ffee87e3000 	C:\WINDOWS\System32\profapi.dll
0x00007ffee87f0000 - 0x00007ffee883a000 	C:\WINDOWS\System32\powrprof.dll
0x00007ffee8790000 - 0x00007ffee87a0000 	C:\WINDOWS\System32\UMPDC.dll
0x00007ffeea770000 - 0x00007ffeea7c2000 	C:\WINDOWS\System32\shlwapi.dll
0x00007ffee9420000 - 0x00007ffee9437000 	C:\WINDOWS\System32\cryptsp.dll
0x00007ffed68c0000 - 0x00007ffed68d9000 	C:\Program Files\Java\jdk-13.0.1\bin\net.dll
0x00007ffee1080000 - 0x00007ffee1170000 	C:\WINDOWS\SYSTEM32\WINHTTP.dll
0x00007ffee7f60000 - 0x00007ffee7fc7000 	C:\WINDOWS\system32\mswsock.dll
0x00007ffed68a0000 - 0x00007ffed68b3000 	C:\Program Files\Java\jdk-13.0.1\bin\nio.dll
0x00007ffee7ad0000 - 0x00007ffee7b03000 	C:\WINDOWS\system32\rsaenh.dll
0x00007ffee8bc0000 - 0x00007ffee8be6000 	C:\WINDOWS\System32\bcrypt.dll
0x00007ffee86b0000 - 0x00007ffee86d5000 	C:\WINDOWS\SYSTEM32\USERENV.dll
0x00007ffee8170000 - 0x00007ffee817c000 	C:\WINDOWS\SYSTEM32\CRYPTBASE.dll
0x00007ffee7c80000 - 0x00007ffee7cba000 	C:\WINDOWS\SYSTEM32\IPHLPAPI.DLL
0x00007ffeeb7e0000 - 0x00007ffeeb7e8000 	C:\WINDOWS\System32\NSI.dll
0x00007ffedbfc0000 - 0x00007ffedbfd6000 	C:\WINDOWS\SYSTEM32\dhcpcsvc6.DLL
0x00007ffedbed0000 - 0x00007ffedbeec000 	C:\WINDOWS\SYSTEM32\dhcpcsvc.DLL
0x00007ffee7cc0000 - 0x00007ffee7d8b000 	C:\WINDOWS\SYSTEM32\DNSAPI.dll

dbghelp: loaded successfully - version: 4.0.5 - missing functions: none
symbol engine: initialized successfully - sym options: 0x614 - pdb path: .;C:\Program Files\Java\jdk-13.0.1\bin;C:\WINDOWS\SYSTEM32;C:\WINDOWS\WinSxS\amd64_microsoft.windows.common-controls_6595b64144ccf1df_6.0.18362.959_none_e6c7bbbf130c62bb;C:\Program Files\Java\jdk-13.0.1\bin\server

VM Arguments:
jvm_args: --add-modules=ALL-SYSTEM --add-opens=java.base/java.util=ALL-UNNAMED --add-opens=java.base/java.lang=ALL-UNNAMED -Declipse.application=org.eclipse.jdt.ls.core.id1 -Dosgi.bundles.defaultStartLevel=4 -Declipse.product=org.eclipse.jdt.ls.core.product -Dfile.encoding=utf8 -DwatchParentProcess=false -XX:+UseParallelGC -XX:GCTimeRatio=4 -XX:AdaptiveSizePolicyWeight=90 -Dsun.zip.disableMemoryMapping=true -Xmx1G -Xms100m 
java_command: c:\Users\xogud\.vscode\extensions\redhat.java-0.64.1\server\plugins\org.eclipse.equinox.launcher_1.5.700.v20200207-2156.jar -configuration c:\Users\xogud\AppData\Roaming\Code\User\globalStorage\redhat.java\0.64.1\config_ss_win -data c:\Users\xogud\AppData\Roaming\Code\User\workspaceStorage\cba880587c1191ca5166a8bfc64ed5a2\redhat.java\ss_ws
java_class_path (initial): c:\Users\xogud\.vscode\extensions\redhat.java-0.64.1\server\plugins\org.eclipse.equinox.launcher_1.5.700.v20200207-2156.jar
Launcher Type: SUN_STANDARD

[Global flags]
    uintx AdaptiveSizePolicyWeight                 = 90                                        {product} {command line}
     intx CICompilerCount                          = 4                                         {product} {ergonomic}
    uintx GCTimeRatio                              = 4                                         {product} {command line}
   size_t InitialHeapSize                          = 104857600                                 {product} {command line}
   size_t MaxHeapSize                              = 1073741824                                {product} {command line}
   size_t MaxNewSize                               = 357564416                                 {product} {ergonomic}
   size_t MinHeapDeltaBytes                        = 524288                                    {product} {ergonomic}
   size_t MinHeapSize                              = 104857600                                 {product} {command line}
   size_t NewSize                                  = 34603008                                  {product} {ergonomic}
    uintx NonNMethodCodeHeapSize                   = 5836300                                {pd product} {ergonomic}
    uintx NonProfiledCodeHeapSize                  = 122910970                              {pd product} {ergonomic}
   size_t OldSize                                  = 70254592                                  {product} {ergonomic}
    uintx ProfiledCodeHeapSize                     = 122910970                              {pd product} {ergonomic}
    uintx ReservedCodeCacheSize                    = 251658240                              {pd product} {ergonomic}
     bool SegmentedCodeCache                       = true                                      {product} {ergonomic}
   size_t SoftMaxHeapSize                          = 1073741824                             {manageable} {ergonomic}
     bool UseCompressedClassPointers               = true                                 {lp64_product} {ergonomic}
     bool UseCompressedOops                        = true                                 {lp64_product} {ergonomic}
     bool UseLargePagesIndividualAllocation        = false                                  {pd product} {ergonomic}
     bool UseParallelGC                            = true                                      {product} {command line}

Logging:
Log output configuration:
 #0: stdout all=warning uptime,level,tags
 #1: stderr all=off uptime,level,tags

Environment Variables:
JAVA_HOME=C:\Program Files\Java\jdk-13.0.1
CLASSPATH=.
PATH=C:\oraclexe\app\oracle\product\11.2.0\server\bin;C:\Program Files\Java\jdk-13.0.1\bin;C:\WinAVR-20100110\bin;C:\WinAVR-20100110\utils\bin;C:\Program Files (x86)\Common Files\Oracle\Java\javapath;C:\Program Files\Microsoft MPI\Bin\;C:\Program Files (x86)\Intel\iCLS Client\;C:\Program Files\Intel\iCLS Client\;C:\WINDOWS\system32;C:\WINDOWS;C:\WINDOWS\System32\Wbem;C:\WINDOWS\System32\WindowsPowerShell\v1.0\;C:\Program Files (x86)\Intel\Intel(R) Management Engine Components\DAL;C:\Program Files\Intel\Intel(R) Management Engine Components\DAL;C:\Program Files (x86)\Intel\Intel(R) Management Engine Components\IPT;C:\Program Files\Intel\Intel(R) Management Engine Components\IPT;C:\Program Files\Intel\WiFi\bin\;C:\Program Files\Common Files\Intel\WirelessCommon\;C:\Program Files\dotnet\;C:\Program Files\Microsoft SQL Server\130\Tools\Binn\;C:\WINDOWS\System32\OpenSSH\;"C:\GnuWin32\bin; C:\Dev-Cpp\bin";C:\Dev-Cpp\bin;C:\MinGW\bin;C:\Program Files\Java\jdk-13.0.1\bin;C:\Program Files\Java\jdk-13.0.1;C:\Program Files\Git\cmd;C:\Users\xogud\AppData\Local\Programs\Python\Python38\Scripts\;C:\Users\xogud\AppData\Local\Programs\Python\Python38\;C:\Users\xogud\AppData\Local\Microsoft\WindowsApps;C:\Program Files\Bandizip\;C:\Users\xogud\AppData\Local\GitHubDesktop\bin;"C:\GnuWin32\bin; C:\Dev-Cpp\bin";C:\Dev-Cpp\bin;C:\Users\xogud\AppData\Local\Programs\Microsoft VS Code\bin;C:\kotlinc\bin;;C:\Program Files\JetBrains\IntelliJ IDEA Community Edition 2019.3.3\bin;;C:\Users\xogud\AppData\Local\Microsoft\WindowsApps
USERNAME=xogud
OS=Windows_NT
PROCESSOR_IDENTIFIER=Intel64 Family 6 Model 142 Stepping 10, GenuineIntel



---------------  S Y S T E M  ---------------

OS: Windows 10 , 64 bit Build 18362 (10.0.18362.959)
HyperV virtualization detected

CPU:total 8 (initial active 8) (4 cores per cpu, 2 threads per core) family 6 model 142 stepping 10, cmov, cx8, fxsr, mmx, sse, sse2, sse3, ssse3, sse4.1, sse4.2, popcnt, avx, avx2, aes, clmul, erms, 3dnowpref, lzcnt, ht, tsc, tscinvbit, bmi1, bmi2, adx, fma

Memory: 4k page, system-wide physical 8025M (1407M free)
TotalPageFile size 8025M (AvailPageFile size 58M)
current process WorkingSet (physical memory assigned to process): 67M, peak: 67M
current process commit charge ("private bytes"): 208M, peak: 208M

vm_info: Java HotSpot(TM) 64-Bit Server VM (13.0.1+9) for windows-amd64 JRE (13.0.1+9), built on Oct  6 2019 12:37:49 by "mach5one" with unknown MS VC++:1916

END.
